0 info it worked if it ends with ok
1 verbose cli [ 'C:\\Program Files\\nodejs\\node.exe',
1 verbose cli   'C:\\Program Files\\nodejs\\node_modules\\npm\\bin\\npm-cli.js',
1 verbose cli   'run',
1 verbose cli   'start-watch' ]
2 info using npm@3.10.10
3 info using node@v6.10.2
4 verbose run-script [ 'prestart-watch', 'start-watch', 'poststart-watch' ]
5 info lifecycle player-profile-scraper@1.0.0~prestart-watch: player-profile-scraper@1.0.0
6 silly lifecycle player-profile-scraper@1.0.0~prestart-watch: no script for prestart-watch, continuing
7 info lifecycle player-profile-scraper@1.0.0~start-watch: player-profile-scraper@1.0.0
8 verbose lifecycle player-profile-scraper@1.0.0~start-watch: unsafe-perm in lifecycle true
9 verbose lifecycle player-profile-scraper@1.0.0~start-watch: PATH: C:\Program Files\nodejs\node_modules\npm\bin\node-gyp-bin;C:\Users\Kevin\Projects\mario-maker-microservices\player-profile-scraper\node_modules\.bin;C:\Program Files (x86)\cmder\bin;C:\Program Files (x86)\cmder\vendor\conemu-maximus5\ConEmu\Scripts;C:\Program Files (x86)\cmder\vendor\conemu-maximus5;C:\Program Files (x86)\cmder\vendor\conemu-maximus5\ConEmu;C:\Program Files\Docker\Docker\Resources\bin;C:\ProgramData\Oracle\Java\javapath;C:\Program Files (x86)\Intel\iCLS Client;C:\Program Files\Intel\iCLS Client;C:\WINDOWS\system32;C:\WINDOWS;C:\WINDOWS\System32\Wbem;C:\WINDOWS\System32\WindowsPowerShell\v1.0;C:\Program Files\nodejs;C:\Program Files\Intel\Intel(R) Management Engine Components\DAL;C:\Program Files (x86)\Intel\Intel(R) Management Engine Components\DAL;C:\Program Files\Intel\Intel(R) Management Engine Components\IPT;C:\Program Files (x86)\Intel\Intel(R) Management Engine Components\IPT;C:\Program Files\PuTTY;C:\Program Files (x86)\NVIDIA Corporation\PhysX\Common;C:\Program Files\Apache\maven\bin;C:\Program Files (x86)\Windows Kits\8.1\Windows Performance Toolkit;C:\Program Files\Redis;C:\Program Files (x86)\Kensington\TrackballWorks;C:\Users\Kevin\AppData\Local\Programs\Python\Python36-32\Scripts;C:\Users\Kevin\AppData\Local\Programs\Python\Python36-32;C:\Users\Kevin\AppData\Local\Microsoft\WindowsApps;C:\Users\Kevin\AppData\Roaming\npm;C:\Users\Kevin\AppData\Local\atom\bin;C:\Users\Kevin\AppData\Local\GitHub\PortableGit_f02737a78695063deace08e96d5042710d3e32db\cmd;C:\Program Files\MongoDB\Server\3.4\bin;C:\Users\Kevin\AppData\Local\GitHub\PortableGit_f02737a78695063deace08e96d5042710d3e32db\usr\bin;C:\Users\Kevin\AppData\Local\GitHub\PortableGit_f02737a78695063deace08e96d5042710d3e32db\usr\share\vim\vim74;C:\Program Files (x86)\cmder
10 verbose lifecycle player-profile-scraper@1.0.0~start-watch: CWD: C:\Users\Kevin\Projects\mario-maker-microservices\player-profile-scraper
11 silly lifecycle player-profile-scraper@1.0.0~start-watch: Args: [ '/d /s /c',
11 silly lifecycle   'cross-env NODE_ENV=production nodemon ./bin/www' ]
12 silly lifecycle player-profile-scraper@1.0.0~start-watch: Returned: code: 1  signal: null
13 info lifecycle player-profile-scraper@1.0.0~start-watch: Failed to exec start-watch script
14 verbose stack Error: player-profile-scraper@1.0.0 start-watch: `cross-env NODE_ENV=production nodemon ./bin/www`
14 verbose stack Exit status 1
14 verbose stack     at EventEmitter.<anonymous> (C:\Program Files\nodejs\node_modules\npm\lib\utils\lifecycle.js:255:16)
14 verbose stack     at emitTwo (events.js:106:13)
14 verbose stack     at EventEmitter.emit (events.js:191:7)
14 verbose stack     at ChildProcess.<anonymous> (C:\Program Files\nodejs\node_modules\npm\lib\utils\spawn.js:40:14)
14 verbose stack     at emitTwo (events.js:106:13)
14 verbose stack     at ChildProcess.emit (events.js:191:7)
14 verbose stack     at maybeClose (internal/child_process.js:886:16)
14 verbose stack     at Process.ChildProcess._handle.onexit (internal/child_process.js:226:5)
15 verbose pkgid player-profile-scraper@1.0.0
16 verbose cwd C:\Users\Kevin\Projects\mario-maker-microservices\player-profile-scraper
17 error Windows_NT 10.0.15063
18 error argv "C:\\Program Files\\nodejs\\node.exe" "C:\\Program Files\\nodejs\\node_modules\\npm\\bin\\npm-cli.js" "run" "start-watch"
19 error node v6.10.2
20 error npm  v3.10.10
21 error code ELIFECYCLE
22 error player-profile-scraper@1.0.0 start-watch: `cross-env NODE_ENV=production nodemon ./bin/www`
22 error Exit status 1
23 error Failed at the player-profile-scraper@1.0.0 start-watch script 'cross-env NODE_ENV=production nodemon ./bin/www'.
23 error Make sure you have the latest version of node.js and npm installed.
23 error If you do, this is most likely a problem with the player-profile-scraper package,
23 error not with npm itself.
23 error Tell the author that this fails on your system:
23 error     cross-env NODE_ENV=production nodemon ./bin/www
23 error You can get information on how to open an issue for this project with:
23 error     npm bugs player-profile-scraper
23 error Or if that isn't available, you can get their info via:
23 error     npm owner ls player-profile-scraper
23 error There is likely additional logging output above.
24 verbose exit [ 1, true ]
